<?xml version="1.0" encoding="UTF-8"?>
<!-- Generated by org.testng.reporters.JUnitXMLReporter -->
<testsuite ignored="0" hostname="DESKTOP-AI0MUDP" failures="0" tests="4" name="Test" time="74.308" errors="0" timestamp="2020-04-22T14:02:02 EEST">
  <testcase classname="Academy.HomePage" name="basePageNavigation" time="13.92"/>
  <testcase classname="Academy.HomePage" name="basePageNavigation" time="11.238"/>
  <testcase classname="Academy.HomePage" name="validateNavBar" time="2.079"/>
  <testcase classname="Academy.HomePage" name="validateNavBar" time="2.16"/>
</testsuite> <!-- Test -->
